<?xml version="1.0" encoding="UTF-8"?>
<testsuite xmlns:xsi="http://www.w3.org/2001/XMLSchema-instance" xsi:noNamespaceSchemaLocation="https://maven.apache.org/surefire/maven-surefire-plugin/xsd/surefire-test-report-3.0.xsd" version="3.0" name="cachedb.CacheDBReinsertTest" time="6.024" tests="1" errors="0" skipped="0" failures="0">
  <properties>
[...]
</properties>
  <testcase name="reinsertAfterExpirationWorks" classname="cachedb.CacheDBReinsertTest" time="6.023">
    <system-out><![CDATA[[FLUSHED] users {id=8}
[FLUSHED] order_items {item_id=3, order_id=100}
[FLUSHED] users {id=8}
]]></system-out>
  </testcase>
</testsuite>